<?xml version="1.0" encoding="UTF-8"?>
<testng-results ignored="0" total="1" passed="1" failed="0" skipped="0">
  <reporter-output>
  </reporter-output>
  <suite started-at="2021-12-19T02:06:42 IST" name="Testing Google Apps" finished-at="2021-12-19T02:07:18 IST" duration-ms="35627">
    <groups>
      <group name="cucumber">
        <method signature="AbstractTestNGCucumberTests.runScenario(io.cucumber.testng.PickleWrapper,io.cucumber.testng.FeatureWrapper)[pri:0, instance:com.ficusrealtime.runner.BasicRunner@70e9c95d]" name="runScenario" class="io.cucumber.testng.AbstractTestNGCucumberTests"/>
      </group> <!-- cucumber -->
    </groups>
    <test started-at="2021-12-19T02:06:42 IST" name="Regression" finished-at="2021-12-19T02:07:18 IST" duration-ms="35627">
      <class name="com.ficusrealtime.runner.BasicRunner">
        <test-method is-config="true" signature="setUpClass()[pri:0, instance:com.ficusrealtime.runner.BasicRunner@70e9c95d]" started-at="2021-12-19T02:06:42 IST" name="setUpClass" finished-at="2021-12-19T02:06:44 IST" duration-ms="1935" status="PASS">
          <reporter-output>
          </reporter-output>
        </test-method> <!-- setUpClass -->
        <test-method signature="runScenario(io.cucumber.testng.PickleWrapper,io.cucumber.testng.FeatureWrapper)[pri:0, instance:com.ficusrealtime.runner.BasicRunner@70e9c95d]" started-at="2021-12-19T02:06:44 IST" name="runScenario" description="Runs Cucumber Scenarios" data-provider="scenarios" finished-at="2021-12-19T02:07:13 IST" duration-ms="28885" status="PASS">
          <params>
            <param index="0">
              <value>
                <![CDATA["Top Ribbon verification"]]>
              </value>
            </param>
            <param index="1">
              <value>
                <![CDATA["Optional[FicusRealTime-HomepageVerification]"]]>
              </value>
            </param>
          </params>
          <reporter-output>
          </reporter-output>
        </test-method> <!-- runScenario -->
        <test-method is-config="true" signature="tearDownClass()[pri:0, instance:com.ficusrealtime.runner.BasicRunner@70e9c95d]" started-at="2021-12-19T02:07:13 IST" name="tearDownClass" finished-at="2021-12-19T02:07:18 IST" duration-ms="4758" status="PASS">
          <reporter-output>
          </reporter-output>
        </test-method> <!-- tearDownClass -->
      </class> <!-- com.ficusrealtime.runner.BasicRunner -->
    </test> <!-- Regression -->
  </suite> <!-- Testing Google Apps -->
</testng-results>
